  Source.c
C:\Users\myles\OneDrive - AUT University\Year Three\Sem 1\COMP612\Project1\GL Primitives\Source.c(59,26): warning C4305: 'function': truncation from 'double' to 'GLfloat'
C:\Users\myles\OneDrive - AUT University\Year Three\Sem 1\COMP612\Project1\GL Primitives\Source.c(61,26): warning C4305: 'function': truncation from 'double' to 'GLfloat'
C:\Users\myles\OneDrive - AUT University\Year Three\Sem 1\COMP612\Project1\GL Primitives\Source.c(63,26): warning C4305: 'function': truncation from 'double' to 'GLfloat'
C:\Users\myles\OneDrive - AUT University\Year Three\Sem 1\COMP612\Project1\GL Primitives\Source.c(65,26): warning C4305: 'function': truncation from 'double' to 'GLfloat'
C:\Users\myles\OneDrive - AUT University\Year Three\Sem 1\COMP612\Project1\GL Primitives\Source.c(69,26): warning C4305: 'function': truncation from 'double' to 'GLfloat'
C:\Users\myles\OneDrive - AUT University\Year Three\Sem 1\COMP612\Project1\GL Primitives\Source.c(71,26): warning C4305: 'function': truncation from 'double' to 'GLfloat'
C:\Users\myles\OneDrive - AUT University\Year Three\Sem 1\COMP612\Project1\GL Primitives\Source.c(73,26): warning C4305: 'function': truncation from 'double' to 'GLfloat'
C:\Users\myles\OneDrive - AUT University\Year Three\Sem 1\COMP612\Project1\GL Primitives\Source.c(75,26): warning C4305: 'function': truncation from 'double' to 'GLfloat'
C:\Users\myles\OneDrive - AUT University\Year Three\Sem 1\COMP612\Project1\GL Primitives\Source.c(82,27): warning C4305: 'function': truncation from 'double' to 'GLfloat'
C:\Users\myles\OneDrive - AUT University\Year Three\Sem 1\COMP612\Project1\GL Primitives\Source.c(84,27): warning C4305: 'function': truncation from 'double' to 'GLfloat'
C:\Users\myles\OneDrive - AUT University\Year Three\Sem 1\COMP612\Project1\GL Primitives\Source.c(86,28): warning C4305: 'function': truncation from 'double' to 'GLfloat'
C:\Users\myles\OneDrive - AUT University\Year Three\Sem 1\COMP612\Project1\GL Primitives\Source.c(88,28): warning C4305: 'function': truncation from 'double' to 'GLfloat'
C:\Users\myles\OneDrive - AUT University\Year Three\Sem 1\COMP612\Project1\GL Primitives\Source.c(92,26): warning C4305: 'function': truncation from 'double' to 'GLfloat'
C:\Users\myles\OneDrive - AUT University\Year Three\Sem 1\COMP612\Project1\GL Primitives\Source.c(94,26): warning C4305: 'function': truncation from 'double' to 'GLfloat'
C:\Users\myles\OneDrive - AUT University\Year Three\Sem 1\COMP612\Project1\GL Primitives\Source.c(96,27): warning C4305: 'function': truncation from 'double' to 'GLfloat'
C:\Users\myles\OneDrive - AUT University\Year Three\Sem 1\COMP612\Project1\GL Primitives\Source.c(98,26): warning C4305: 'function': truncation from 'double' to 'GLfloat'
  GL Primitives.vcxproj -> C:\Users\myles\OneDrive - AUT University\Year Three\Sem 1\COMP612\Project1\Debug\GL Primitives.exe
  C:\Users\myles\OneDrive - AUT University\Year Three\Sem 1\COMP612\Project1\GL Primitives\freeglut\bin\freeglut.dll
  1 File(s) copied
